<?xml version="1.0" encoding="UTF-8"?>
<!-- Generated by org.testng.reporters.JUnitXMLReporter -->
<testsuite ignored="0" hostname="LAPTOP-J5LK1J5I" failures="1" tests="8" name="Test" time="174.941" errors="0" timestamp="2021-02-24T14:51:45 IST">
  <testcase classname="com.crm.qa.TestCases.ContactsPageTest" name="validateCreateNewContact" time="22.168"/>
  <testcase classname="com.crm.qa.TestCases.ContactsPageTest" name="verifyCotactsPageLabel" time="0.035"/>
  <testcase classname="com.crm.qa.TestCases.HomePageTest" name="clickOnContactsLinkTest" time="6.828"/>
  <testcase classname="com.crm.qa.TestCases.HomePageTest" name="verifyHomePageTitleTest" time="0.007"/>
  <testcase classname="com.crm.qa.TestCases.HomePageTest" name="verifyusernameTest" time="0.058"/>
  <testcase classname="com.crm.qa.TestCases.LoginPageTest" name="loginPagetitle" time="0.012">
    <failure type="java.lang.AssertionError" message="expected [CRMPRO  - CRM software for customer relationship management, sales, and support.] but found [CRMPRO - CRM software for customer relationship management, sales, and support.]">
      <![CDATA[java.lang.AssertionError: expected [CRMPRO  - CRM software for customer relationship management, sales, and support.] but found [CRMPRO - CRM software for customer relationship management, sales, and support.]
at com.crm.qa.TestCases.LoginPageTest.loginPagetitle(LoginPageTest.java:36)
at java.base/java.util.ArrayList.forEach(ArrayList.java:1511)
... Removed 32 stack frames]]>
    </failure>
  </testcase> <!-- loginPagetitle -->
  <testcase classname="com.crm.qa.TestCases.LoginPageTest" name="crmLogoImageTest" time="0.046"/>
  <testcase classname="com.crm.qa.TestCases.LoginPageTest" name="loginTest" time="9.718"/>
</testsuite> <!-- Test -->
