<?xml version="1.0" encoding="UTF-8"?>
<testng-results ignored="0" total="8" passed="7" failed="1" skipped="0">
  <reporter-output>
  </reporter-output>
  <suite started-at="2021-02-24T14:48:50 IST" name="Suite" finished-at="2021-02-24T14:51:45 IST" duration-ms="174941">
    <groups>
    </groups>
    <test started-at="2021-02-24T14:48:50 IST" name="Test" finished-at="2021-02-24T14:51:45 IST" duration-ms="174941">
      <class name="com.crm.qa.TestCases.ContactsPageTest">
        <test-method is-config="true" signature="setUp()[pri:0, instance:com.crm.qa.TestCases.ContactsPageTest@55f616cf]" started-at="2021-02-24T14:48:50 IST" name="setUp" finished-at="2021-02-24T14:49:13 IST" duration-ms="23451" status="PASS">
          <reporter-output>
          </reporter-output>
        </test-method> <!-- setUp -->
        <test-method signature="validateCreateNewContact()[pri:0, instance:com.crm.qa.TestCases.ContactsPageTest@55f616cf]" started-at="2021-02-24T14:49:13 IST" name="validateCreateNewContact" finished-at="2021-02-24T14:49:35 IST" duration-ms="22168" status="PASS">
          <reporter-output>
          </reporter-output>
        </test-method> <!-- validateCreateNewContact -->
        <test-method is-config="true" signature="tearDown()[pri:0, instance:com.crm.qa.TestCases.ContactsPageTest@55f616cf]" started-at="2021-02-24T14:49:35 IST" name="tearDown" finished-at="2021-02-24T14:49:36 IST" duration-ms="605" status="PASS">
          <reporter-output>
          </reporter-output>
        </test-method> <!-- tearDown -->
        <test-method is-config="true" signature="setUp()[pri:0, instance:com.crm.qa.TestCases.ContactsPageTest@55f616cf]" started-at="2021-02-24T14:49:36 IST" name="setUp" finished-at="2021-02-24T14:50:01 IST" duration-ms="25026" status="PASS">
          <reporter-output>
          </reporter-output>
        </test-method> <!-- setUp -->
        <test-method signature="verifyCotactsPageLabel()[pri:0, instance:com.crm.qa.TestCases.ContactsPageTest@55f616cf]" started-at="2021-02-24T14:50:01 IST" name="verifyCotactsPageLabel" finished-at="2021-02-24T14:50:01 IST" duration-ms="35" status="PASS">
          <reporter-output>
          </reporter-output>
        </test-method> <!-- verifyCotactsPageLabel -->
        <test-method is-config="true" signature="tearDown()[pri:0, instance:com.crm.qa.TestCases.ContactsPageTest@55f616cf]" started-at="2021-02-24T14:50:01 IST" name="tearDown" finished-at="2021-02-24T14:50:02 IST" duration-ms="636" status="PASS">
          <reporter-output>
          </reporter-output>
        </test-method> <!-- tearDown -->
      </class> <!-- com.crm.qa.TestCases.ContactsPageTest -->
      <class name="com.crm.qa.TestCases.HomePageTest">
        <test-method is-config="true" signature="setUp()[pri:0, instance:com.crm.qa.TestCases.HomePageTest@1356d4d4]" started-at="2021-02-24T14:50:02 IST" name="setUp" finished-at="2021-02-24T14:50:27 IST" duration-ms="24927" status="PASS">
          <reporter-output>
          </reporter-output>
        </test-method> <!-- setUp -->
        <test-method signature="clickOnContactsLinkTest()[pri:0, instance:com.crm.qa.TestCases.HomePageTest@1356d4d4]" started-at="2021-02-24T14:50:27 IST" name="clickOnContactsLinkTest" finished-at="2021-02-24T14:50:34 IST" duration-ms="6828" status="PASS">
          <reporter-output>
          </reporter-output>
        </test-method> <!-- clickOnContactsLinkTest -->
        <test-method is-config="true" signature="tearDown()[pri:0, instance:com.crm.qa.TestCases.HomePageTest@1356d4d4]" started-at="2021-02-24T14:50:34 IST" name="tearDown" finished-at="2021-02-24T14:50:34 IST" duration-ms="649" status="PASS">
          <reporter-output>
          </reporter-output>
        </test-method> <!-- tearDown -->
        <test-method is-config="true" signature="setUp()[pri:0, instance:com.crm.qa.TestCases.HomePageTest@1356d4d4]" started-at="2021-02-24T14:50:34 IST" name="setUp" finished-at="2021-02-24T14:50:54 IST" duration-ms="20193" status="PASS">
          <reporter-output>
          </reporter-output>
        </test-method> <!-- setUp -->
        <test-method signature="verifyHomePageTitleTest()[pri:0, instance:com.crm.qa.TestCases.HomePageTest@1356d4d4]" started-at="2021-02-24T14:50:54 IST" name="verifyHomePageTitleTest" finished-at="2021-02-24T14:50:54 IST" duration-ms="7" status="PASS">
          <reporter-output>
          </reporter-output>
        </test-method> <!-- verifyHomePageTitleTest -->
        <test-method is-config="true" signature="tearDown()[pri:0, instance:com.crm.qa.TestCases.HomePageTest@1356d4d4]" started-at="2021-02-24T14:50:54 IST" name="tearDown" finished-at="2021-02-24T14:50:55 IST" duration-ms="603" status="PASS">
          <reporter-output>
          </reporter-output>
        </test-method> <!-- tearDown -->
        <test-method is-config="true" signature="setUp()[pri:0, instance:com.crm.qa.TestCases.HomePageTest@1356d4d4]" started-at="2021-02-24T14:50:55 IST" name="setUp" finished-at="2021-02-24T14:51:09 IST" duration-ms="13917" status="PASS">
          <reporter-output>
          </reporter-output>
        </test-method> <!-- setUp -->
        <test-method signature="verifyusernameTest()[pri:0, instance:com.crm.qa.TestCases.HomePageTest@1356d4d4]" started-at="2021-02-24T14:51:09 IST" name="verifyusernameTest" finished-at="2021-02-24T14:51:09 IST" duration-ms="58" status="PASS">
          <reporter-output>
          </reporter-output>
        </test-method> <!-- verifyusernameTest -->
        <test-method is-config="true" signature="tearDown()[pri:0, instance:com.crm.qa.TestCases.HomePageTest@1356d4d4]" started-at="2021-02-24T14:51:09 IST" name="tearDown" finished-at="2021-02-24T14:51:10 IST" duration-ms="608" status="PASS">
          <reporter-output>
          </reporter-output>
        </test-method> <!-- tearDown -->
      </class> <!-- com.crm.qa.TestCases.HomePageTest -->
      <class name="com.crm.qa.TestCases.LoginPageTest">
        <test-method is-config="true" signature="setUp()[pri:0, instance:com.crm.qa.TestCases.LoginPageTest@c03cf28]" started-at="2021-02-24T14:51:10 IST" name="setUp" finished-at="2021-02-24T14:51:17 IST" duration-ms="6984" status="PASS">
          <reporter-output>
          </reporter-output>
        </test-method> <!-- setUp -->
        <test-method signature="loginPagetitle()[pri:1, instance:com.crm.qa.TestCases.LoginPageTest@c03cf28]" started-at="2021-02-24T14:51:17 IST" name="loginPagetitle" finished-at="2021-02-24T14:51:17 IST" duration-ms="12" status="FAIL">
          <exception class="java.lang.AssertionError">
            <message>
              <![CDATA[expected [CRMPRO  - CRM software for customer relationship management, sales, and support.] but found [CRMPRO - CRM software for customer relationship management, sales, and support.]]]>
            </message>
            <full-stacktrace>
              <![CDATA[java.lang.AssertionError: expected [CRMPRO  - CRM software for customer relationship management, sales, and support.] but found [CRMPRO - CRM software for customer relationship management, sales, and support.]
at org.testng.Assert.fail(Assert.java:97)
at org.testng.Assert.assertEqualsImpl(Assert.java:136)
at org.testng.Assert.assertEquals(Assert.java:118)
at org.testng.Assert.assertEquals(Assert.java:575)
at org.testng.Assert.assertEquals(Assert.java:585)
at com.crm.qa.TestCases.LoginPageTest.loginPagetitle(LoginPageTest.java:36)
at java.base/jdk.internal.reflect.NativeMethodAccessorImpl.invoke0(Native Method)
at java.base/jdk.internal.reflect.NativeMethodAccessorImpl.invoke(NativeMethodAccessorImpl.java:64)
at java.base/jdk.internal.reflect.DelegatingMethodAccessorImpl.invoke(DelegatingMethodAccessorImpl.java:43)
at java.base/java.lang.reflect.Method.invoke(Method.java:564)
at org.testng.internal.MethodInvocationHelper.invokeMethod(MethodInvocationHelper.java:134)
at org.testng.internal.TestInvoker.invokeMethod(TestInvoker.java:597)
at org.testng.internal.TestInvoker.invokeTestMethod(TestInvoker.java:173)
at org.testng.internal.MethodRunner.runInSequence(MethodRunner.java:46)
at org.testng.internal.TestInvoker$MethodInvocationAgent.invoke(TestInvoker.java:816)
at org.testng.internal.TestInvoker.invokeTestMethods(TestInvoker.java:146)
at org.testng.internal.TestMethodWorker.invokeTestMethods(TestMethodWorker.java:146)
at org.testng.internal.TestMethodWorker.run(TestMethodWorker.java:128)
at java.base/java.util.ArrayList.forEach(ArrayList.java:1511)
at org.testng.TestRunner.privateRun(TestRunner.java:766)
at org.testng.TestRunner.run(TestRunner.java:587)
at org.testng.SuiteRunner.runTest(SuiteRunner.java:384)
at org.testng.SuiteRunner.runSequentially(SuiteRunner.java:378)
at org.testng.SuiteRunner.privateRun(SuiteRunner.java:337)
at org.testng.SuiteRunner.run(SuiteRunner.java:286)
at org.testng.SuiteRunnerWorker.runSuite(SuiteRunnerWorker.java:53)
at org.testng.SuiteRunnerWorker.run(SuiteRunnerWorker.java:96)
at org.testng.TestNG.runSuitesSequentially(TestNG.java:1187)
at org.testng.TestNG.runSuitesLocally(TestNG.java:1109)
at org.testng.TestNG.runSuites(TestNG.java:1039)
at org.testng.TestNG.run(TestNG.java:1007)
at org.testng.remote.AbstractRemoteTestNG.run(AbstractRemoteTestNG.java:115)
at org.testng.remote.RemoteTestNG.initAndRun(RemoteTestNG.java:251)
at org.testng.remote.RemoteTestNG.main(RemoteTestNG.java:77)
]]>
            </full-stacktrace>
          </exception> <!-- java.lang.AssertionError -->
          <reporter-output>
          </reporter-output>
        </test-method> <!-- loginPagetitle -->
        <test-method is-config="true" signature="tearDown()[pri:0, instance:com.crm.qa.TestCases.LoginPageTest@c03cf28]" started-at="2021-02-24T14:51:17 IST" name="tearDown" finished-at="2021-02-24T14:51:17 IST" duration-ms="617" status="PASS">
          <reporter-output>
          </reporter-output>
        </test-method> <!-- tearDown -->
        <test-method is-config="true" signature="setUp()[pri:0, instance:com.crm.qa.TestCases.LoginPageTest@c03cf28]" started-at="2021-02-24T14:51:17 IST" name="setUp" finished-at="2021-02-24T14:51:26 IST" duration-ms="8883" status="PASS">
          <reporter-output>
          </reporter-output>
        </test-method> <!-- setUp -->
        <test-method signature="crmLogoImageTest()[pri:2, instance:com.crm.qa.TestCases.LoginPageTest@c03cf28]" started-at="2021-02-24T14:51:26 IST" name="crmLogoImageTest" finished-at="2021-02-24T14:51:26 IST" duration-ms="46" status="PASS">
          <reporter-output>
          </reporter-output>
        </test-method> <!-- crmLogoImageTest -->
        <test-method is-config="true" signature="tearDown()[pri:0, instance:com.crm.qa.TestCases.LoginPageTest@c03cf28]" started-at="2021-02-24T14:51:26 IST" name="tearDown" finished-at="2021-02-24T14:51:27 IST" duration-ms="678" status="PASS">
          <reporter-output>
          </reporter-output>
        </test-method> <!-- tearDown -->
        <test-method is-config="true" signature="setUp()[pri:0, instance:com.crm.qa.TestCases.LoginPageTest@c03cf28]" started-at="2021-02-24T14:51:27 IST" name="setUp" finished-at="2021-02-24T14:51:34 IST" duration-ms="7607" status="PASS">
          <reporter-output>
          </reporter-output>
        </test-method> <!-- setUp -->
        <test-method signature="loginTest()[pri:3, instance:com.crm.qa.TestCases.LoginPageTest@c03cf28]" started-at="2021-02-24T14:51:34 IST" name="loginTest" finished-at="2021-02-24T14:51:44 IST" duration-ms="9718" status="PASS">
          <reporter-output>
          </reporter-output>
        </test-method> <!-- loginTest -->
        <test-method is-config="true" signature="tearDown()[pri:0, instance:com.crm.qa.TestCases.LoginPageTest@c03cf28]" started-at="2021-02-24T14:51:44 IST" name="tearDown" finished-at="2021-02-24T14:51:45 IST" duration-ms="637" status="PASS">
          <reporter-output>
          </reporter-output>
        </test-method> <!-- tearDown -->
      </class> <!-- com.crm.qa.TestCases.LoginPageTest -->
    </test> <!-- Test -->
  </suite> <!-- Suite -->
</testng-results>
